<?xml version="1.0" encoding="UTF-8"?>
<!-- Generated by org.testng.reporters.JUnitReportReporter -->
<testsuite skipped="0" hostname="SYS_1" name="com.ScreenFunctions.WriteDataToNotePad" tests="1" failures="0" timestamp="12 Apr 2018 06:23:09 GMT" time="10.182" errors="0">
  <testcase name="importData" time="10.182" classname="com.ScreenFunctions.WriteDataToNotePad"/>
</testsuite> <!-- com.ScreenFunctions.WriteDataToNotePad -->
