<?xml version="1.0" encoding="UTF-8"?>
<!-- Generated by org.testng.reporters.JUnitReportReporter -->
<testsuite skipped="0" hostname="SYS_1" name="com.TestCases.TC_002_ClickChangePassword" tests="1" failures="0" timestamp="16 Apr 2018 05:33:00 GMT" time="14.145" errors="0">
  <testcase name="tc_ClickChange_Password" time="14.145" classname="com.TestCases.TC_002_ClickChangePassword"/>
</testsuite> <!-- com.TestCases.TC_002_ClickChangePassword -->
