<?xml version="1.0" encoding="UTF-8"?>
<!-- Generated by org.testng.reporters.JUnitReportReporter -->
<testsuite skipped="0" hostname="SYS_1" name="com.TestCases.Tc_01_ValidateLoginCredentials" tests="1" failures="0" timestamp="18 Mar 2018 15:15:48 GMT" time="38.496" errors="0">
  <testcase name="Tc_01_ValidateLoginCredentials" time="38.496" classname="com.TestCases.Tc_01_ValidateLoginCredentials"/>
</testsuite> <!-- com.TestCases.Tc_01_ValidateLoginCredentials -->
