<?xml version="1.0" encoding="UTF-8"?>
<!-- Generated by org.testng.reporters.JUnitReportReporter -->
<testsuite skipped="0" hostname="SYS_1" name="com.TestCases.TC_03_VerifyChngPswdLnk" tests="1" failures="0" timestamp="06 Apr 2018 06:20:06 GMT" time="11.094" errors="0">
  <testcase name="tc_VerifyChangePswdLnk" time="11.094" classname="com.TestCases.TC_03_VerifyChngPswdLnk"/>
</testsuite> <!-- com.TestCases.TC_03_VerifyChngPswdLnk -->
