<?xml version="1.0" encoding="UTF-8"?>
<!-- Generated by org.testng.reporters.JUnitReportReporter -->
<testsuite skipped="0" hostname="SYS_1" name="com.TestCases.TC_02_AddStaff" tests="1" failures="0" timestamp="06 Apr 2018 08:32:16 GMT" time="15.400" errors="0">
  <testcase name="tc_Admin_AddStaff" time="15.400" classname="com.TestCases.TC_02_AddStaff"/>
</testsuite> <!-- com.TestCases.TC_02_AddStaff -->
