<?xml version="1.0" encoding="UTF-8"?>
<!-- Generated by org.testng.reporters.JUnitReportReporter -->
<testsuite skipped="0" hostname="SYS_1" name="com.TestCases.TC_1_VerifyLogin" tests="1" failures="0" timestamp="13 Apr 2018 07:27:41 GMT" time="48.167" errors="0">
  <testcase name="tc_login_bank" time="48.167" classname="com.TestCases.TC_1_VerifyLogin"/>
</testsuite> <!-- com.TestCases.TC_1_VerifyLogin -->
