<?xml version="1.0" encoding="UTF-8"?>
<!-- Generated by org.testng.reporters.JUnitReportReporter -->
<testsuite skipped="0" hostname="SYS_1" name="com.TestCases.TC_01_Login_BankApp" tests="1" failures="0" timestamp="05 Apr 2018 05:59:14 GMT" time="10.325" errors="0">
  <testcase name="tc_login_bank" time="10.325" classname="com.TestCases.TC_01_Login_BankApp"/>
</testsuite> <!-- com.TestCases.TC_01_Login_BankApp -->
